22:37:19: Creating resource group General
22:37:19: Creating resource group Internal
22:37:19: Creating resource group Autodetect
22:37:19: Registering ResourceManager for type Mesh
22:37:19: Registering ResourceManager for type Material
22:37:19: Registering ResourceManager for type Skeleton
22:37:19: XMLMeshSerializer reading mesh data from Plane.mesh.xml...
22:37:19: Reading geometry...
22:37:19: Geometry done...
22:37:19: Reading submeshes...
22:37:19: Submeshes done.
22:37:19: Reading mesh names...
22:37:19: Mesh names done.
22:37:19: XMLMeshSerializer import successful.
22:37:19: Reorganising vertex buffers to automatic layout..
22:37:19: MeshSerializer writing mesh data to stream ...
22:37:19: File header written.
22:37:19: Writing mesh data...
22:37:19: Writing submesh...
22:37:19: Exporting submesh texture aliases...
22:37:19: Submesh texture aliases exported.
22:37:19: Submesh exported.
22:37:19: Exporting bounds information....
22:37:19: Bounds information exported.
22:37:19: Exporting submesh name table...
22:37:19: Submesh name table exported.
22:37:19: Exporting edge lists...
22:37:19: Edge lists exported
22:37:19: Mesh data exported.
22:37:19: MeshSerializer export successful.
22:37:19: Unregistering ResourceManager for type Skeleton
22:37:19: Unregistering ResourceManager for type Material
22:37:19: Unregistering ResourceManager for type Mesh
